{"title": "将计就计", "zan": "8"}
{"title": "黄蓉和杨过果然有一腿", "zan": "7"}
{"title": "【贸易战打农产品，这些国家将受益？】外媒指出，中国作为美国农产品重要的出口市场，一旦不选择美国农产品，中国买家可以选择从欧洲、南美或其他地方进口同类产品。", "zan": "5"}
{"title": "【美国2月贸易赤字升至将近九年半新高】美国贸易逆差上升1.6%至576亿美元，创下2008年10月以来的最高水平，为连续第六个月走高。对中国逆差从1月的359.5亿美元收窄至292.6亿美元。", "zan": "8"}
{"title": "【前北大教授被指性侵女生致其自杀 回应：均为恶意诽谤】当事人沈阳5日下午回复记者称，网文中所称与女生发生性关系并致其自杀一事，“当时北大中文系党委和北京海淀警方均有调查和明确结论，根本不存在上述事实”，“与高岩没发生过性关系，也没谈过恋爱”。", "zan": "8"}
{"title": "泰国现在流行起这种超长拉丝的面包，看得出来大家都很努力了", "zan": "16"}
{"title": "【社会摇的前世今生】这群社会最底层的孩子，谁都有资格对他们说教，打着“为你好”的旗号，但又有谁真正的关心过他们？其实喜欢社会摇的孩子，从生下来就注定了，他们基本上也没有什么“诗和远方”。", "zan": "19"}
{"title": "自己的视频不红，反而跑去Youtube总部杀人？ 今天美国这场枪击案背后，一个近乎魔怔了的女人，一步步走上极端的悲剧.....", "zan": "20"}
{"title": "【猛怼相亲角的海归男 真比上海大妈高明吗】批评相亲角物化女性的论调，或许会赢得女权爱好者的掌声，但与事实并不相符。你要非说列出条件就是在物化，那么你很难找到比相亲角更男女平等的物化车间。为儿子找媳妇的张大爷，与替女儿找男友的李大妈，都在竭力把手里的标牌写得更加吸引眼球，他们哪有兴趣争什么男尊女卑。", "zan": "21"}
{"title": "【弱者恒弱：西北城市如何在人才争夺战中突围？】去年以来，“抢人大战”愈演愈烈。尽管西北地区的银川、兰州、西宁等弱势省会城市出台的人才政策并不比部分中部城市晚，政策力度也不小，但尴尬的是，它们无法在这一轮“抢人大战”中占得优势，且有弱者恒弱之势。", "zan": "24"}
{"title": "怀念（空一格）蒋公", "zan": "54"}
{"title": "【15岁智力障碍男孩遭残忍杀害，遗体被捆在钢管上！嫌犯又是…】有目击者称，小乐的遗体被发现时，正捆在镇东村一村民家外的钢管上，双手反绑，裤子被褪去一半，脚下有大量血迹，生殖器疑似被割掉。4月5日，周至县公安局发布消息称，案件成功告破，犯罪嫌疑人王某（有精神病史）对犯罪事实供认不讳。", "zan": "25"}
{"title": "如何选择操作系统", "zan": "55"}
{"title": "大型狗拿耗子现场，99%的猫看完都沉默了", "zan": "144"}
{"title": "整治环境污染，年收入10亿美元的长滩岛将封岛半年", "zan": "24"}
{"title": "腾讯养蛊：赢了市场，苦了项目", "zan": "38"}
{"title": "【博鳌论坛或宣布海南大政策：开放程度远超上海和香港】消息人士表示，中国计划建立自由贸易港口，以此作为正在进行的改革开放的一部分。海南可能是新港口选择的地点之一。“新港口的开放程度将远高于上海自由贸易区…甚至高于香港。”", "zan": "35"}
{"title": "社会摇其实就是以前的集体舞，起源于国企厂矿家属院，谁会想到，几十年前工人子弟玩剩下的东西，现在被农民子弟发扬光大，换了个面孔又回来了", "zan": "25"}
{"title": "あ/Ah（音同“啊”）是由Kenta Watashima大学时做出来的艺术装置，曾获得2012年Asia Digital Art Award优秀奖。用不同的动作敲击、抚摸、揉搓对待它都会得到不同的“啊”地一声反馈，看这个视频时请一定要戴耳机……", "zan": "59"}
{"title": "【金融受挫回归实业 姚振华重启地产梦】姚振华对宝能城发的重视超乎一般。记者了解到，为了拿地，姚振华会亲自去往各地与当地政府人士洽谈。此前，他的关注重心在金融投资，地产业务一直由其弟姚建辉负责。", "zan": "23"}
{"title": "上海加大非法网约车整治力度！“美团打车”若未按期整改或将吊证", "zan": "20"}
{"title": "Johnny English is back！《憨豆特工3》放出正式预告", "zan": "57"}
{"title": "360浏览器首页现\"夫妻交友\"推荐，实为找人约3P、4P", "zan": "49"}
{"title": "【宝莱坞“猴神大叔”获刑5年】印度宝莱坞“三汗天王”之一——萨尔曼·汗（Salman Khan）因在20年前偷猎印度濒临灭绝的印度羚，5日被判有罪，被处5年监禁处罚。2018年，萨尔曼·汗主演的《小萝莉的猴神大叔》曾在中国上映。", "zan": "30"}
{"title": "原谅我在清明节笑出了眼泪。", "zan": "56"}
